SF:lib/features/fibo/presentation/screens/fibo_screen.dart
DA:8,1
DA:9,1
DA:16,1
DA:18,1
DA:19,2
DA:22,1
DA:24,1
DA:25,1
DA:26,1
DA:27,1
DA:28,1
DA:29,1
DA:30,1
DA:31,1
DA:32,1
DA:33,1
DA:34,3
DA:35,1
DA:36,3
DA:38,1
DA:40,3
DA:41,3
DA:42,1
DA:43,1
DA:44,2
DA:45,3
DA:58,1
DA:59,1
DA:61,1
DA:62,1
DA:64,1
DA:65,1
DA:66,1
DA:67,1
DA:68,1
DA:69,1
DA:71,1
DA:73,2
DA:74,2
DA:75,2
DA:76,1
DA:77,1
DA:78,1
DA:79,3
DA:90,1
DA:91,3
LF:46
LH:46
end_of_record
SF:lib/features/fibo/presentation/models/fibo_model_ui.dart
DA:6,1
DA:8,1
DA:10,1
DA:12,1
DA:23,2
LF:5
LH:5
end_of_record
SF:lib/features/fibo/presentation/viewmodel/fibo_viewmodel.dart
DA:13,2
DA:14,2
DA:17,2
DA:18,4
DA:20,10
DA:22,2
DA:25,14
DA:27,2
DA:28,2
DA:29,2
DA:30,2
DA:34,2
DA:35,12
DA:36,2
DA:37,2
DA:38,10
DA:40,1
DA:41,5
DA:43,1
DA:44,5
DA:47,2
DA:48,2
DA:49,2
DA:52,2
DA:53,2
DA:54,2
DA:55,12
DA:57,1
DA:58,6
DA:60,1
DA:61,6
DA:64,18
DA:65,2
DA:66,2
DA:67,2
DA:70,2
DA:72,2
DA:73,2
DA:74,1
DA:75,1
DA:76,1
DA:77,1
LF:42
LH:42
end_of_record
SF:lib/features/fibo/presentation/widgets/fibo_list_tile.dart
DA:13,1
DA:23,1
DA:25,1
DA:26,2
DA:28,1
DA:29,1
DA:30,1
DA:31,4
DA:34,4
DA:35,2
DA:36,1
LF:11
LH:11
end_of_record
