SF:lib/main.dart
DA:5,1
DA:6,2
DA:10,1
DA:12,1
DA:15,1
DA:16,1
LF:6
LH:6
end_of_record
SF:lib/core/theme/app_theme.dart
DA:5,3
LF:1
LH:1
end_of_record
SF:lib/features/fibo/presentation/screens/fibo_screen.dart
DA:8,3
DA:9,3
DA:16,3
DA:18,3
DA:19,6
DA:22,3
DA:24,3
DA:25,3
DA:26,3
DA:27,3
DA:28,3
DA:29,3
DA:30,3
DA:31,3
DA:32,3
DA:33,3
DA:34,9
DA:35,3
DA:36,9
DA:38,3
DA:40,9
DA:41,9
DA:42,3
DA:43,2
DA:44,4
DA:45,6
DA:58,2
DA:59,2
DA:61,2
DA:62,2
DA:64,2
DA:65,2
DA:66,2
DA:67,2
DA:68,2
DA:69,2
DA:71,2
DA:73,4
DA:74,4
DA:75,4
DA:76,2
DA:77,2
DA:78,2
DA:79,6
DA:90,2
DA:91,6
LF:46
LH:46
end_of_record
SF:lib/features/fibo/presentation/models/fibo_model_ui.dart
DA:6,3
DA:8,3
DA:10,3
DA:12,3
DA:23,4
LF:5
LH:5
end_of_record
SF:lib/features/fibo/presentation/viewmodel/fibo_viewmodel.dart
DA:13,4
DA:14,4
DA:17,4
DA:18,8
DA:20,20
DA:22,4
DA:25,28
DA:27,4
DA:28,4
DA:29,4
DA:30,4
DA:34,3
DA:35,18
DA:36,3
DA:37,3
DA:38,15
DA:40,1
DA:41,5
DA:43,1
DA:44,5
DA:47,3
DA:48,3
DA:49,3
DA:52,3
DA:53,3
DA:54,3
DA:55,18
DA:57,1
DA:58,6
DA:60,1
DA:61,6
DA:64,27
DA:65,3
DA:66,3
DA:67,3
DA:70,3
DA:72,3
DA:73,3
DA:74,1
DA:75,1
DA:76,1
DA:77,1
LF:42
LH:42
end_of_record
SF:lib/features/fibo/presentation/widgets/fibo_list_tile.dart
DA:13,3
DA:23,3
DA:25,3
DA:26,6
DA:28,3
DA:29,2
DA:30,2
DA:31,8
DA:34,12
DA:35,5
DA:36,3
LF:11
LH:11
end_of_record
